<?xml version="1.0" encoding="UTF-8"?>
<!-- Generated by org.testng.reporters.JUnitXMLReporter -->
<testsuite hostname="Dhruvs-MacBook-Pro.local" name="Command line test" tests="3" failures="0" timestamp="18 Mar 2016 05:55:53 GMT" time="2.795" errors="0">
  <testcase name="" time="0.351" classname="gapp.model.dao.ApplicationDaoTest"/>
  <testcase name="" time="0.042" classname="gapp.model.dao.ApplicationDaoTest"/>
  <testcase name="" time="0.011" classname="gapp.model.dao.DepartmentDaoTest"/>
</testsuite> <!-- Command line test -->
